{
  "RSpec": {
    "coverage": {
      "/Users/Jacob/Desktop/gilded-rose ruby/spec/gilded_rose_spec.rb": {
        "lines": [
          1,
          1,
          1,
          null,
          null,
          null,
          1,
          null,
          1,
          1,
          1,
          1,
          1,
          1,
          null,
          null,
          null,
          null,
          1,
          1,
          1,
          1,
          1,
          1,
          null,
          null,
          1,
          1,
          1,
          1,
          1,
          null,
          null,
          1,
          1,
          1,
          1,
          1,
          null,
          null,
          1,
          1,
          1,
          1,
          1,
          null,
          null,
          null,
          1,
          1,
          1,
          1,
          1,
          null,
          null,
          1,
          1,
          1,
          1,
          1,
          null,
          null,
          null,
          1,
          1,
          1,
          1,
          1,
          null,
          null,
          null,
          null,
          1,
          1,
          1,
          1,
          1,
          1,
          null,
          null,
          null,
          1,
          1,
          1,
          1,
          1,
          null,
          null,
          null,
          null,
          1,
          1,
          1,
          1,
          1,
          1,
          null,
          null,
          1,
          1,
          1,
          1,
          1,
          null,
          null,
          1,
          1,
          1,
          1,
          1,
          null,
          null,
          null,
          null,
          1,
          1,
          1,
          1,
          1,
          1,
          null,
          null,
          1,
          1,
          1,
          1,
          1,
          null,
          null,
          1,
          1,
          1,
          1,
          1,
          null,
          null,
          null,
          null,
          null,
          null,
          null,
          null,
          null,
          1,
          1,
          1,
          null,
          1,
          null,
          null,
          null,
          null,
          1,
          1,
          null,
          1,
          216,
          null,
          1,
          null,
          1,
          null,
          1,
          null,
          null,
          null,
          null,
          null,
          null
        ]
      },
      "/Users/Jacob/Desktop/gilded-rose ruby/lib/gilded_rose.rb": {
        "lines": [
          1,
          1,
          null,
          1,
          17,
          null,
          null,
          1,
          17,
          null,
          null,
          1,
          null,
          1,
          232,
          55,
          177,
          61,
          116,
          56,
          60,
          3,
          null,
          57,
          null,
          null,
          null,
          null,
          1,
          1,
          null,
          1,
          55,
          null,
          null,
          1,
          null,
          null,
          null,
          1,
          1,
          null,
          1,
          56,
          null,
          null,
          1,
          56,
          37,
          null,
          56,
          56,
          12,
          6,
          null,
          null,
          null,
          null,
          null,
          1,
          1,
          null,
          1,
          61,
          null,
          null,
          1,
          61,
          42,
          42,
          33,
          26,
          null,
          null,
          42,
          19,
          15,
          null,
          null,
          null,
          61,
          61,
          13,
          null,
          null,
          null,
          null,
          null,
          null,
          1,
          1,
          null,
          1,
          57,
          null,
          null,
          1,
          57,
          38,
          null,
          57,
          57,
          13,
          7,
          null,
          null,
          null,
          null,
          null,
          1,
          1,
          null,
          1,
          3,
          null,
          null,
          1,
          3,
          2,
          null,
          3,
          3,
          1,
          1,
          null,
          null,
          null,
          null,
          null,
          null,
          1,
          1,
          null,
          1,
          232,
          232,
          232,
          null,
          null,
          1,
          216,
          null,
          null,
          null
        ]
      }
    },
    "timestamp": 1637903171
  }
}
